

times in msec
 clock   self+sourced   self:  sourced script
 clock   elapsed:              other lines

000.005  000.005: --- NVIM STARTING ---
000.121  000.116: event init
000.636  000.515: early init
000.916  000.280: locale set
000.983  000.066: init first window
001.823  000.840: inits 1
001.835  000.012: window checked
001.877  000.041: parsing arguments
002.899  000.188  000.188: require('vim.shared')
003.137  000.148  000.148: require('vim._meta')
003.140  000.237  000.089: require('vim._editor')
003.141  000.455  000.030: require('vim._init_packages')
003.143  000.811: init lua interpreter
005.067  001.924: expanding arguments
005.100  000.033: inits 2
005.564  000.465: init highlight
005.726  000.162: waiting for UI
008.374  002.648: done waiting for UI
008.399  000.024: clear screen
008.671  000.272: init default mappings
008.687  000.016: init default autocommands
011.489  000.202  000.202: sourcing /usr/share/nvim/runtime/ftplugin.vim
012.646  000.080  000.080: sourcing /usr/share/nvim/runtime/indent.vim
014.154  000.678  000.678: require('core.pack')
016.107  001.915  001.915: require('core.options')
020.822  000.124  000.124: require('vim.treesitter.language')
020.839  000.935  000.811: require('vim.treesitter.query')
023.602  000.716  000.716: require('vim.treesitter.languagetree')
023.614  001.017  000.302: require('vim.treesitter')
023.712  002.169  001.152: require('nvim-treesitter.parsers')
023.891  000.177  000.177: require('nvim-treesitter.utils')
023.898  002.785  000.439: require('nvim-treesitter.ts_utils')
023.902  003.062  000.277: require('nvim-treesitter.tsrange')
024.019  000.115  000.115: require('nvim-treesitter.caching')
024.027  004.565  000.454: require('nvim-treesitter.query')
024.036  005.988  001.423: require('nvim-treesitter.configs')
025.297  000.329  000.329: require('nvim-treesitter.info')
025.837  000.536  000.536: require('nvim-treesitter.shell_command_selectors')
025.952  001.903  001.039: require('nvim-treesitter.install')
107.023  000.301  000.301: require('cmp.utils.debug')
107.353  000.143  000.143: require('cmp.utils.char')
107.360  000.330  000.186: require('cmp.utils.str')
107.432  000.071  000.071: require('cmp.utils.pattern')
108.222  000.381  000.381: require('cmp.utils.misc')
108.370  000.144  000.144: require('cmp.utils.buffer')
108.572  000.199  000.199: require('cmp.utils.api')
108.596  000.969  000.245: require('cmp.utils.keymap')
108.602  001.168  000.199: require('cmp.utils.feedkeys')
108.859  000.255  000.255: require('cmp.utils.async')
109.773  000.292  000.292: require('cmp.types.cmp')
110.316  000.538  000.538: require('cmp.types.lsp')
110.938  000.618  000.618: require('cmp.types.vim')
110.942  001.690  000.242: require('cmp.types')
111.097  000.153  000.153: require('cmp.utils.cache')
111.103  002.241  000.398: require('cmp.context')
112.955  000.668  000.668: require('cmp.config.mapping')
114.158  000.676  000.676: require('cmp.config.compare')
114.166  001.202  000.526: require('cmp.config.default')
114.187  002.359  000.489: require('cmp.config')
116.139  000.663  000.663: require('cmp.matcher')
116.150  001.961  001.298: require('cmp.entry')
116.158  005.054  000.734: require('cmp.source')
117.112  000.146  000.146: require('cmp.utils.event')
118.460  000.990  000.990: require('cmp.utils.window')
118.468  001.351  000.361: require('cmp.view.docs_view')
119.743  000.232  000.232: require('cmp.utils.autocmd')
119.754  001.284  001.052: require('cmp.view.custom_entries_view')
120.081  000.325  000.325: require('cmp.view.wildmenu_entries_view')
120.428  000.344  000.344: require('cmp.view.native_entries_view')
120.833  000.388  000.388: require('cmp.view.ghost_text_view')
120.845  004.685  000.846: require('cmp.view')
120.901  014.617  000.512: require('cmp.core')
121.103  000.111  000.111: require('cmp.config.sources')
121.268  000.161  000.161: require('cmp.config.window')
121.312  015.754  000.865: require('cmp')
123.971  000.145  000.145: require('luasnip.session')
124.620  000.645  000.645: require('luasnip.util.util')
124.758  000.133  000.133: require('luasnip.util.types')
125.048  000.114  000.114: require('luasnip.util.ext_opts')
125.052  000.246  000.132: require('luasnip.nodes.util')
125.349  000.295  000.295: require('luasnip.util.events')
125.360  001.759  000.295: require('luasnip.nodes.node')
125.739  000.100  000.100: require('luasnip.util.extend_decorator')
125.762  000.400  000.300: require('luasnip.nodes.insertNode')
125.994  000.228  000.228: require('luasnip.nodes.textNode')
126.139  000.141  000.141: require('luasnip.util.mark')
126.634  000.374  000.374: require('luasnip.util._builtin_vars')
126.688  000.049  000.049: require('vim.inspect')
126.743  000.601  000.178: require('luasnip.util.environ')
126.927  000.181  000.181: require('luasnip.util.pattern_tokenizer')
127.045  000.115  000.115: require('luasnip.util.dict')
127.375  000.326  000.326: require('luasnip.session.snippet_collection')
127.424  005.131  001.380: require('luasnip.nodes.snippet')
127.707  000.075  000.075: require('luasnip.loaders._caches')
128.042  000.331  000.331: require('luasnip.util.path')
128.070  000.642  000.235: require('luasnip.loaders')
128.496  000.408  000.408: require('luasnip.nodes.functionNode')
129.081  000.581  000.581: require('luasnip.nodes.choiceNode')
129.526  000.436  000.436: require('luasnip.nodes.dynamicNode')
129.932  000.400  000.400: require('luasnip.nodes.restoreNode')
131.165  000.329  000.329: require('luasnip.util.parser.neovim_ast')
135.335  000.280  000.280: require('luasnip.util.directed_graph')
135.350  005.034  004.426: require('luasnip.util.parser.ast_utils')
136.069  000.341  000.341: require('luasnip.util.functions')
136.077  000.724  000.383: require('luasnip.util.parser.ast_parser')
136.556  000.478  000.478: require('luasnip.util.parser.neovim_parser')
136.819  000.258  000.258: require('luasnip.util.str')
136.827  006.885  000.391: require('luasnip.util.parser')
137.568  000.191  000.191: require('luasnip.extras.filetype_functions')
137.854  000.272  000.272: require('luasnip.nodes.absolute_indexer')
138.169  000.310  000.310: require('luasnip.extras')
138.578  000.405  000.405: require('luasnip.extras.fmt')
139.272  000.441  000.441: require('luasnip.extras.conditions')
139.374  000.097  000.097: require('luasnip.extras.conditions.show')
139.380  000.728  000.190: require('luasnip.extras.conditions.expand')
139.382  000.799  000.071: require('luasnip.extras.expand_conditions')
139.532  000.148  000.148: require('luasnip.extras.postfix')
139.864  003.036  000.911: require('luasnip.config')
139.871  018.557  001.038: require('luasnip')
140.126  000.252  000.252: require('modules.ui.icons')
144.318  000.423  000.423: require('vim.treesitter.highlighter')
144.434  002.979  002.556: require('treesitter-context')
149.798  001.126  001.126: require('plenary.bit')
150.012  000.207  000.207: require('plenary.functional')
150.041  000.013  000.013: require('ffi')
150.175  004.293  002.946: require('plenary.path')
151.321  000.777  000.777: require('plenary.job')
151.326  001.147  000.369: require('harpoon.utils')
152.033  000.603  000.603: require('plenary.log')
152.147  000.819  000.216: require('harpoon.dev')
153.728  008.848  002.590: require('harpoon')
155.123  000.491  000.491: require('nvim-lastplace')
156.597  000.465  000.465: require('neo-tree.log')
156.622  001.094  000.630: require('neo-tree.utils')
158.183  000.205  000.205: require('nui.object')
158.691  000.058  000.058: require('vim.keymap')
158.704  000.391  000.333: require('nui.utils')
158.713  000.526  000.135: require('nui.text')
158.719  001.264  000.532: require('nui.line')
159.382  000.143  000.143: require('nui.tree.util')
159.395  000.674  000.531: require('nui.tree')
160.115  000.173  000.173: require('nui.utils.buf_storage')
160.774  000.654  000.654: require('nui.utils.autocmd')
160.995  000.216  000.216: require('nui.utils.keymap')
162.195  000.860  000.860: require('nui.layout.utils')
162.225  001.221  000.361: require('nui.split.utils')
162.276  002.880  000.615: require('nui.split')
164.869  001.419  001.419: require('nui.popup.border')
164.899  002.617  001.198: require('nui.popup')
165.381  000.412  000.412: require('neo-tree.ui.highlights')
165.852  000.283  000.283: require('nui.input')
165.857  000.472  000.190: require('neo-tree.ui.popups')
166.384  000.341  000.341: require('neo-tree.events.queue')
166.389  000.530  000.188: require('neo-tree.events')
166.405  009.781  000.933: require('neo-tree.ui.renderer')
168.755  000.796  000.796: require('neo-tree.sources.filesystem.lib.filter_external')
171.249  001.295  001.295: require('plenary.iterators')
171.259  001.670  000.374: require('neo-tree.sources.common.file-nesting')
172.201  000.134  000.134: require('neo-tree.git.utils')
172.207  000.791  000.657: require('neo-tree.git.status')
172.383  000.175  000.175: require('neo-tree.git.ignored')
172.388  001.126  000.160: require('neo-tree.git')
172.392  003.628  000.833: require('neo-tree.sources.common.file-items')
172.849  000.455  000.455: require('neo-tree.sources.filesystem.lib.fs_watch')
172.856  005.475  000.595: require('neo-tree.sources.filesystem.lib.fs_scan')
173.094  000.236  000.236: require('neo-tree.ui.inputs')
173.146  006.739  001.028: require('neo-tree.sources.manager')
174.551  000.662  000.662: require('neo-tree.defaults')
174.752  000.196  000.196: require('neo-tree.setup.mapping-helper')
175.434  000.244  000.244: require('neo-tree.command.parser')
175.645  000.207  000.207: require('neo-tree.command.completion')
175.650  000.685  000.235: require('neo-tree.command')
175.652  000.895  000.210: require('neo-tree.setup.netrw')
175.656  002.506  000.752: require('neo-tree.setup')
175.663  020.495  000.375: require('neo-tree')
176.248  000.285  000.285: require('neo-tree.setup.deprecations')
180.993  000.406  000.406: require('neo-tree.sources.filesystem.lib.globtopattern')
181.004  003.497  003.091: require('neo-tree.sources.filesystem')
182.879  000.971  000.971: require('neo-tree.sources.buffers.lib.items')
182.889  001.876  000.905: require('neo-tree.sources.buffers')
183.605  000.182  000.182: require('neo-tree.sources.git_status.lib.items')
183.609  000.712  000.530: require('neo-tree.sources.git_status')
185.266  000.588  000.588: require('neo-tree.sources.common.container')
185.274  001.278  000.690: require('neo-tree.sources.common.components')
185.359  001.637  000.359: require('neo-tree.sources.filesystem.components')
190.035  001.593  001.593: require('plenary.scandir')
190.883  000.379  000.379: require('plenary.reload')
190.945  000.901  000.522: require('plenary')
192.212  000.347  000.347: require('plenary.bit')
192.370  000.154  000.154: require('plenary.functional')
192.409  001.448  000.946: require('plenary.path')
192.420  004.622  000.680: require('neo-tree.sources.filesystem.lib.fs_actions')
192.886  000.463  000.463: require('neo-tree.sources.common.help')
193.673  000.783  000.783: require('neo-tree.sources.common.preview')
193.701  007.572  001.703: require('neo-tree.sources.common.commands')
194.368  000.652  000.652: require('neo-tree.sources.filesystem.lib.filter')
194.385  009.021  000.796: require('neo-tree.sources.filesystem.commands')
194.686  000.140  000.140: require('neo-tree.sources.buffers.components')
194.907  000.217  000.217: require('neo-tree.sources.buffers.commands')
195.269  000.182  000.182: require('neo-tree.sources.git_status.components')
195.444  000.170  000.170: require('neo-tree.sources.git_status.commands')
197.920  000.258  000.258: require('lualine_require')
198.422  001.686  001.428: require('lualine')
198.492  000.061  000.061: require('modules.ui.transparent_stausline')
200.865  000.076  000.076: require('lualine.utils.mode')
202.113  005.975  004.151: require('modules.ui.lualine')
202.764  000.204  000.204: require('fidget.log')
202.771  000.651  000.447: require('fidget')
202.921  000.142  000.142: require('fidget.spinners')
204.715  000.211  000.211: require('vim.lsp.log')
205.200  000.005  000.005: require('vim.F')
205.204  000.485  000.480: require('vim.lsp.protocol')
206.683  000.416  000.416: require('vim.lsp._snippet')
206.911  000.212  000.212: require('vim.highlight')
206.927  001.721  001.093: require('vim.lsp.util')
206.967  002.912  000.494: require('vim.lsp.handlers')
207.525  000.554  000.554: require('vim.lsp.rpc')
207.819  000.290  000.290: require('vim.lsp.sync')
208.337  000.514  000.514: require('vim.lsp.buf')
208.585  000.244  000.244: require('vim.lsp.diagnostic')
208.859  000.270  000.270: require('vim.lsp.codelens')
208.906  005.981  001.197: require('vim.lsp')
209.570  000.183  000.183: require('project_nvim.config')
210.081  000.175  000.175: require('project_nvim.utils.path')
210.089  000.516  000.341: require('project_nvim.utils.history')
210.091  001.077  000.378: require('project_nvim')
210.389  000.233  000.233: require('project_nvim.utils.globtopattern')
211.427  000.554  000.554: require('project_nvim.project')
216.331  000.241  000.241: require('tokyonight.treesitter')
216.339  000.560  000.319: require('tokyonight.util')
217.773  000.167  000.167: require('tokyonight.colors')
217.776  001.435  001.269: require('tokyonight.theme')
217.894  000.116  000.116: require('tokyonight.config')
217.897  002.886  000.775: require('tokyonight')
220.541  000.623  000.623: require('colorizer.trie')
221.039  000.492  000.492: require('colorizer.utils')
221.048  001.579  000.465: require('colorizer.color')
221.834  000.490  000.490: require('colorizer.sass')
221.838  000.789  000.298: require('colorizer.matcher')
222.088  000.248  000.248: require('colorizer.tailwind')
222.114  003.089  000.473: require('colorizer.buffer')
222.157  004.241  001.152: require('colorizer')
225.300  000.279  000.279: require('telescope._extensions')
225.306  000.764  000.485: require('telescope')
226.869  000.135  000.135: require('plenary.tbl')
226.916  000.417  000.282: require('plenary.vararg.rotate')
226.918  000.597  000.180: require('plenary.vararg')
227.096  000.177  000.177: require('plenary.errors')
227.109  001.050  000.276: require('plenary.async.async')
228.194  000.236  000.236: require('plenary.async.structs')
228.205  000.576  000.340: require('plenary.async.control')
228.212  000.837  000.261: require('plenary.async.util')
228.215  001.103  000.266: require('plenary.async.tests')
228.218  002.910  000.757: require('plenary.async')
229.197  000.292  000.292: require('plenary.strings')
229.202  000.587  000.295: require('plenary.window.border')
229.310  000.106  000.106: require('plenary.window')
229.409  000.095  000.095: require('plenary.popup.utils')
229.414  001.194  000.406: require('plenary.popup')
231.594  000.155  000.155: require('telescope.deprecated')
232.546  000.249  000.249: require('plenary.log')
232.573  000.420  000.172: require('telescope.log')
234.008  000.514  000.514: require('plenary.job')
234.213  000.200  000.200: require('telescope.state')
234.224  001.649  000.935: require('telescope.utils')
234.231  002.633  000.564: require('telescope.sorters')
236.905  006.235  003.446: require('telescope.config')
237.175  000.264  000.264: require('telescope.pickers.scroller')
237.330  000.151  000.151: require('telescope.actions.state')
237.524  000.191  000.191: require('telescope.actions.utils')
237.971  000.200  000.200: require('telescope.actions.mt')
237.990  000.463  000.263: require('telescope.actions.set')
238.556  000.198  000.198: require('telescope.config.resolve')
238.560  000.567  000.369: require('telescope.pickers.entry_display')
238.805  000.244  000.244: require('telescope.from_entry')
239.742  010.326  002.211: require('telescope.actions')
240.264  000.517  000.517: require('telescope.debounce')
241.600  001.332  001.332: require('telescope.mappings')
241.944  000.337  000.337: require('telescope.pickers.highlights')
242.191  000.243  000.243: require('telescope.pickers.window')
242.972  000.340  000.340: require('telescope.algos.linked_list')
242.978  000.783  000.444: require('telescope.entry_manager')
243.275  000.295  000.295: require('telescope.pickers.multi')
243.327  020.245  001.543: require('telescope.pickers')
245.597  001.852  001.852: require('telescope.make_entry')
245.851  000.246  000.246: require('telescope.finders.async_static_finder')
246.496  000.117  000.117: require('plenary.class')
246.595  000.560  000.444: require('telescope._')
246.598  000.743  000.183: require('telescope.finders.async_oneshot_finder')
246.736  000.136  000.136: require('telescope.finders.async_job_finder')
246.744  003.415  000.436: require('telescope.finders')
246.776  024.124  000.465: require('telescope._extensions.telescope-tabs.main')
246.779  024.564  000.439: require('telescope-tabs')
247.012  000.209  000.209: require('catppuccin')
247.581  000.092  000.092: require('catppuccin.lib.hashing')
249.094  000.172  000.172: require('luasnip.loaders.util')
249.100  000.350  000.177: require('luasnip.loaders.from_lua')
250.099  000.128  000.128: require('luasnip.nodes.snippetProxy')
250.106  000.315  000.186: require('luasnip.loaders.from_vscode')
254.526  000.516  000.516: require('dashboard')
254.917  000.078  000.078: require('neogen.config')
255.086  000.165  000.165: require('neogen.utilities.helpers')
255.239  000.150  000.150: require('neogen.mark')
255.244  000.691  000.298: require('neogen')
255.646  000.135  000.135: require('vim.ui')
255.652  000.237  000.102: require('dressing.patch')
255.654  000.368  000.131: require('dressing')
255.813  000.154  000.154: require('dressing.config')
256.874  000.096  000.096: require('notify.util.queue')
256.878  000.298  000.203: require('notify.util')
257.137  000.257  000.257: require('notify.config.highlights')
257.143  000.761  000.206: require('notify.config')
257.757  000.611  000.611: require('notify.stages')
258.100  000.334  000.334: require('notify.service.notification')
258.750  000.131  000.131: require('notify.animate.spring')
258.757  000.345  000.214: require('notify.animate')
258.763  000.653  000.308: require('notify.windows')
259.960  000.814  000.814: require('notify.service.buffer.highlights')
259.969  001.067  000.254: require('notify.service.buffer')
259.972  001.208  000.140: require('notify.service')
260.216  000.241  000.241: require('notify.stages.util')
260.224  004.348  000.539: require('notify')
260.430  000.174  000.174: require('notify.stages.fade_in_slide_out')
260.887  000.176  000.176: require('telescope.previewers.previewer')
261.241  000.350  000.350: require('telescope.previewers.term_previewer')
262.459  000.114  000.114: require('plenary.context_manager')
262.800  000.140  000.140: require('nvim-treesitter.statusline')
263.019  000.216  000.216: require('nvim-treesitter.query_predicates')
263.024  000.561  000.206: require('nvim-treesitter')
263.029  000.980  000.305: require('telescope.previewers.utils')
264.670  001.639  001.639: require('plenary.filetype')
265.139  000.464  000.464: require('plenary.scandir')
265.233  003.988  000.905: require('telescope.previewers.buffer_previewer')
265.239  004.724  000.210: require('telescope.previewers')
267.147  000.404  000.404: require('fzf_lib')
267.153  000.620  000.216: require('telescope._extensions.fzf')
268.067  000.395  000.395: require('telescope.builtin.__lsp')
268.075  000.716  000.321: require('telescope.builtin')
268.079  000.921  000.205: require('telescope._extensions.projects')
280.127  000.258  000.258: require('nvim-autopairs._log')
280.568  000.434  000.434: require('nvim-autopairs.utils')
281.818  000.591  000.591: require('nvim-autopairs.conds')
281.826  000.972  000.381: require('nvim-autopairs.rule')
281.829  001.256  000.285: require('nvim-autopairs.rules.basic')
281.837  013.497  011.549: require('nvim-autopairs')
282.281  000.411  000.411: require('nvim-autopairs.fastwrap')
283.145  000.444  000.444: require('nvim-autopairs.ts-conds')
283.149  000.721  000.277: require('nvim-autopairs.rules.ts_basic')
284.154  000.353  000.353: require('nvim-autopairs.completion.handlers')
284.160  000.652  000.300: require('nvim-autopairs.completion.cmp')
284.775  268.656  100.586: require('packer_compiled')
285.745  000.365  000.365: require('core.keymap')
286.306  001.137  000.772: require('keymap.config')
286.603  001.797  000.660: require('keymap')
287.119  000.512  000.512: require('core.autocommands')
289.397  000.943  000.943: require('lspconfig.util')
289.449  001.631  000.689: require('lspconfig.configs')
289.454  002.127  000.495: require('lspconfig')
291.645  000.732  000.732: require('lspsaga')
293.816  000.683  000.683: require('lspsaga.window')
293.846  001.219  000.537: require('lspsaga.libs')
294.824  000.258  000.258: require('lspsaga.wrap')
294.831  000.983  000.725: require('lspsaga.codeaction')
294.879  003.115  000.914: require('lspsaga.lightbulb')
295.464  000.555  000.555: require('lspsaga.lspkind')
295.476  006.020  001.618: require('modules.lsp.lspsaga')
297.533  000.291  000.291: require('mason-core.path')
297.554  000.510  000.220: require('mason.settings')
298.691  000.623  000.623: require('mason-core.functional')
299.337  000.162  000.162: require('mason-core.functional.data')
299.345  000.619  000.457: require('mason-core.functional.function')
299.648  000.285  000.285: require('mason-core.functional.relation')
300.026  000.368  000.368: require('mason-core.functional.logic')
300.081  002.524  000.629: require('mason-core.platform')
300.086  004.020  000.986: require('mason')
301.293  000.638  000.638: require('mason-core.log')
301.298  001.210  000.572: require('mason-lspconfig')
302.351  000.448  000.448: require('mason-core.functional.list')
302.382  000.890  000.442: require('mason.api.command')
302.679  000.295  000.295: require('mason-lspconfig.settings')
303.258  000.254  000.254: require('mason-core.notify')
303.265  000.559  000.305: require('mason-lspconfig.lspconfig_hook')
304.114  000.343  000.343: require('mason-core.functional.table')
304.131  000.822  000.479: require('mason-lspconfig.mappings.server')
305.290  000.574  000.574: require('mason-core.async')
305.392  000.097  000.097: require('mason-core.async.uv')
305.401  000.990  000.319: require('mason-core.fs')
305.659  000.256  000.256: require('mason-core.optional')
306.313  000.646  000.646: require('mason-core.EventEmitter')
307.270  000.948  000.948: require('mason-registry.index')
307.283  003.150  000.311: require('mason-registry')
307.399  000.113  000.113: require('mason-lspconfig.server_config_extensions')
308.623  001.220  001.220: require('lspconfig.server_configurations.omnisharp')
308.788  000.140  000.140: require('mason-lspconfig.ensure_installed')
310.165  000.441  000.441: require('mason-core.result')
312.018  000.582  000.582: require('mason-core.process')
312.093  001.125  000.543: require('mason-core.spawn')
312.562  000.465  000.465: require('mason-core.receipt')
313.045  000.466  000.466: require('mason-core.functional.string')
313.070  002.898  000.842: require('mason-core.installer.context')
313.561  000.487  000.487: require('mason-core.installer.linker')
313.840  000.272  000.272: require('mason-core.async.control')
313.852  004.749  000.651: require('mason-core.installer')
314.623  000.769  000.769: require('mason-core.installer.handle')
316.547  000.400  000.400: require('mason-core.managers.powershell')
316.555  000.672  000.272: require('mason-core.fetch')
316.558  000.996  000.324: require('mason-core.managers.cargo.client')
317.685  000.756  000.756: require('mason-core.managers.std')
318.340  000.384  000.384: require('mason-core.providers')
318.361  000.668  000.285: require('mason-core.managers.github.client')
318.373  001.812  000.388: require('mason-core.managers.github')
318.400  003.328  000.520: require('mason-core.managers.cargo')
318.980  000.578  000.578: require('mason-core.managers.composer')
319.275  000.290  000.290: require('mason-core.managers.gem')
319.535  000.256  000.256: require('mason-core.managers.git')
319.886  000.347  000.347: require('mason-core.managers.go')
320.404  000.514  000.514: require('mason-core.managers.luarocks')
320.867  000.459  000.459: require('mason-core.managers.npm')
321.566  000.695  000.695: require('mason-core.managers.pip3')
321.579  006.947  000.478: require('mason-core.package.version-check')
321.593  012.801  000.337: require('mason-core.package')
322.024  000.414  000.414: require('mason-registry.lua-language-server')
322.756  000.212  000.212: require('mason-registry.pyright')
322.890  000.116  000.116: require('mason-registry.html-lsp')
323.320  000.378  000.378: require('mason-registry.css-lsp')
323.632  000.287  000.287: require('mason-registry.emmet-ls')
323.799  000.153  000.153: require('mason-registry.bash-language-server')
324.156  000.311  000.311: require('mason-registry.typescript-language-server')
324.329  000.156  000.156: require('mason-registry.vue-language-server')
324.627  000.283  000.283: require('mason-registry.gopls')
324.846  000.122  000.122: require('mason-registry.vim-language-server')
325.544  000.163  000.163: require('mason-core.functional.number')
325.585  000.734  000.570: require('mason-lspconfig.api.command')
326.590  000.222  000.222: require('cmp_nvim_lsp.source')
326.596  000.712  000.490: require('cmp_nvim_lsp')
326.601  001.012  000.300: require('modules.lsp.handles')
327.041  000.428  000.428: require('lua-dev')
327.302  000.257  000.257: require('lua-dev.config')
328.063  000.224  000.224: require('lua-dev.sumneko')
339.327  000.269  000.269: require('lspconfig.server_configurations.sumneko_lua')
339.911  000.116  000.116: require('modules.lsp.settings.pyright')
340.346  000.423  000.423: require('lspconfig.server_configurations.pyright')
341.075  000.270  000.270: require('lspconfig.server_configurations.html')
341.776  000.375  000.375: require('lspconfig.server_configurations.cssls')
342.387  000.238  000.238: require('modules.lsp.settings.emmet_ls')
342.561  000.160  000.160: require('lspconfig.server_configurations.emmet_ls')
343.283  000.338  000.338: require('lspconfig.server_configurations.bashls')
343.798  000.157  000.157: require('lspconfig.server_configurations.tsserver')
344.748  000.511  000.511: require('lspconfig.server_configurations.volar')
345.423  000.203  000.203: require('mason-lspconfig.typescript')
345.426  000.545  000.342: require('mason-lspconfig.server_configurations.volar')
345.937  000.411  000.411: require('lspconfig.server_configurations.gopls')
346.935  000.201  000.201: require('lspconfig.server_configurations.vimls')
347.379  051.901  017.582: require('modules.lsp.mason')
349.964  002.556  002.556: require('vim.diagnostic')
351.891  000.395  000.395: require('null-ls.methods')
351.914  000.816  000.421: require('null-ls.utils')
351.929  001.036  000.219: require('null-ls.config')
352.603  000.322  000.322: require('null-ls.helpers.cache')
353.080  000.471  000.471: require('null-ls.helpers.diagnostics')
353.409  000.325  000.325: require('null-ls.helpers.formatter_factory')
354.294  000.387  000.387: require('null-ls.logger')
354.465  000.167  000.167: require('null-ls.state')
354.471  001.056  000.503: require('null-ls.helpers.generator_factory')
354.868  000.261  000.261: require('null-ls.helpers.command_resolver')
354.871  000.399  000.137: require('null-ls.helpers.make_builtin')
355.170  000.297  000.297: require('null-ls.helpers.range_formatting_args_factory')
355.174  003.243  000.374: require('null-ls.helpers')
356.034  000.419  000.419: require('null-ls.diagnostics')
356.044  000.868  000.449: require('null-ls.sources')
356.369  000.322  000.322: require('null-ls.builtins')
356.375  006.062  000.594: require('null-ls')
357.059  000.677  000.677: require('null-ls.builtins.formatting.prettier')
357.453  000.354  000.354: require('null-ls.builtins.formatting.black')
357.651  000.175  000.175: require('null-ls.builtins.formatting.stylua')
357.972  000.295  000.295: require('null-ls.builtins.formatting.goimports')
358.546  000.270  000.270: require('null-ls.client')
358.606  008.628  000.795: require('modules.lsp.null-ls')
360.428  001.724  001.724: require('nvim-navic')
360.446  001.838  000.114: require('modules.lsp.navic')
360.448  073.325  000.255: require('modules.lsp')
360.450  347.244  000.362: require('core')
364.278  002.512  002.512: sourcing /home/ewell/.local/share/nvim/site/pack/packer/start/tokyonight.nvim/colors/tokyonight-night.lua
366.189  353.263  003.507: sourcing /home/ewell/.config/nvim/init.lua
366.238  004.006: sourcing vimrc file(s)
367.214  000.045  000.045: sourcing /home/ewell/.local/share/nvim/site/pack/packer/start/LuaSnip/ftdetect/snippets.vim
367.782  000.031  000.031: sourcing /home/ewell/.local/share/nvim/site/pack/packer/start/vim-templates/ftdetect/template.vim
368.156  001.338  001.263: sourcing /usr/share/nvim/runtime/filetype.lua
368.349  000.118  000.118: sourcing /usr/share/nvim/runtime/filetype.vim
369.030  000.214  000.214: sourcing /usr/share/nvim/runtime/syntax/synload.vim
369.233  000.771  000.556: sourcing /usr/share/nvim/runtime/syntax/syntax.vim
370.166  000.040  000.040: sourcing /home/ewell/.config/nvim/plugin/textobjects.vim
370.548  000.044  000.044: sourcing /usr/share/nvim/runtime/plugin/gzip.vim
370.609  000.046  000.046: sourcing /usr/share/nvim/runtime/plugin/health.vim
370.710  000.042  000.042: sourcing /usr/share/nvim/runtime/plugin/matchit.vim
370.753  000.029  000.029: sourcing /usr/share/nvim/runtime/plugin/matchparen.vim
370.805  000.039  000.039: sourcing /usr/share/nvim/runtime/plugin/netrwPlugin.vim
371.121  000.054  000.054: sourcing /home/ewell/.local/share/nvim/rplugin.vim
371.130  000.313  000.259: sourcing /usr/share/nvim/runtime/plugin/rplugin.vim
371.606  000.449  000.449: sourcing /usr/share/nvim/runtime/plugin/shada.vim
371.706  000.069  000.069: sourcing /usr/share/nvim/runtime/plugin/spellfile.vim
371.775  000.048  000.048: sourcing /usr/share/nvim/runtime/plugin/tarPlugin.vim
371.849  000.042  000.042: sourcing /usr/share/nvim/runtime/plugin/tohtml.vim
371.925  000.046  000.046: sourcing /usr/share/nvim/runtime/plugin/tutor.vim
371.977  000.036  000.036: sourcing /usr/share/nvim/runtime/plugin/zipPlugin.vim
372.381  000.309  000.309: sourcing /home/ewell/.config/nvim/plugin/cursorword.lua
372.553  000.157  000.157: sourcing /home/ewell/.config/nvim/plugin/trimwhite.lua
372.815  000.116  000.116: sourcing /usr/share/nvim/runtime/plugin/man.lua
372.830  002.540: loading rtp plugins
374.980  000.274  000.274: sourcing /home/ewell/.local/share/nvim/site/pack/packer/start/CamelCaseMotion/autoload/camelcasemotion.vim
375.892  002.630  002.355: sourcing /home/ewell/.local/share/nvim/site/pack/packer/start/CamelCaseMotion/plugin/camelcasemotion.vim
376.412  000.338  000.338: sourcing /home/ewell/.local/share/nvim/site/pack/packer/start/LuaSnip/plugin/luasnip.vim
377.177  000.293  000.293: require('dashboard.session')
377.210  000.490  000.198: sourcing /home/ewell/.local/share/nvim/site/pack/packer/start/dashboard-nvim/plugin/dashboard.lua
377.527  000.067  000.067: sourcing /home/ewell/.local/share/nvim/site/pack/packer/start/dressing.nvim/plugin/dressing.lua
379.152  001.456  001.456: sourcing /home/ewell/.local/share/nvim/site/pack/packer/start/lspsaga.nvim/plugin/lspsaga.lua
379.638  000.179  000.179: sourcing /home/ewell/.local/share/nvim/site/pack/packer/start/neo-tree.nvim/plugin/neo-tree.vim
380.296  000.150  000.150: require('cmp.utils.highlight')
380.751  000.782  000.632: sourcing /home/ewell/.local/share/nvim/site/pack/packer/start/nvim-cmp/plugin/cmp.lua
380.945  000.081  000.081: sourcing /home/ewell/.local/share/nvim/site/pack/packer/start/nvim-colorizer.lua/plugin/colorizer.lua
381.579  000.382  000.382: sourcing /home/ewell/.local/share/nvim/site/pack/packer/start/nvim-lspconfig/plugin/lspconfig.lua
382.442  000.627  000.627: sourcing /home/ewell/.local/share/nvim/site/pack/packer/start/nvim-treesitter/plugin/nvim-treesitter.lua
382.674  000.042  000.042: sourcing /home/ewell/.local/share/nvim/site/pack/packer/start/nvim-treesitter-context/plugin/treesitter-context.vim
383.212  000.347  000.347: require('nvim-treesitter-textobjects')
384.634  000.287  000.287: require('nvim-treesitter.textobjects.shared')
384.643  000.964  000.677: require('nvim-treesitter.textobjects.select')
385.026  000.187  000.187: require('nvim-treesitter.textobjects.attach')
385.034  000.350  000.162: require('nvim-treesitter.textobjects.move')
385.246  000.130  000.130: require('nvim-treesitter.textobjects.swap')
385.602  000.252  000.252: require('nvim-treesitter.textobjects.lsp_interop')
385.635  002.816  000.773: sourcing /home/ewell/.local/share/nvim/site/pack/packer/start/nvim-treesitter-textobjects/plugin/nvim-treesitter-textobjects.vim
386.268  000.297  000.297: require('rainbow')
386.426  000.488  000.191: sourcing /home/ewell/.local/share/nvim/site/pack/packer/start/nvim-ts-rainbow/plugin/rainbow.vim
386.652  000.066  000.066: sourcing /home/ewell/.local/share/nvim/site/pack/packer/start/nvim-web-devicons/plugin/nvim-web-devicons.vim
386.847  000.061  000.061: sourcing /home/ewell/.local/share/nvim/site/pack/packer/start/plenary.nvim/plugin/plenary.vim
387.718  000.322  000.322: sourcing /home/ewell/.local/share/nvim/site/pack/packer/start/targets.vim/plugin/targets.vim
388.313  000.325  000.325: sourcing /home/ewell/.local/share/nvim/site/pack/packer/start/telescope.nvim/plugin/telescope.lua
388.807  000.312  000.312: sourcing /home/ewell/.local/share/nvim/site/pack/packer/start/vim-templates/plugin/templates.vim
390.354  000.757  000.757: sourcing /home/ewell/.local/share/nvim/site/pack/packer/start/vim-textobj-user/autoload/textobj/user.vim
393.140  004.017  003.260: sourcing /home/ewell/.local/share/nvim/site/pack/packer/start/vim-textobj-entire/plugin/textobj/entire.vim
393.346  005.036: loading packages
394.711  000.077  000.077: require('cmp_buffer.timer')
394.718  000.437  000.360: require('cmp_buffer.buffer')
394.721  000.621  000.184: require('cmp_buffer.source')
394.723  000.803  000.181: require('cmp_buffer')
394.751  000.893  000.090: sourcing /home/ewell/.local/share/nvim/site/pack/packer/start/cmp-buffer/after/plugin/cmp_buffer.lua
395.213  000.372  000.372: require('cmp_cmdline')
395.234  000.431  000.058: sourcing /home/ewell/.local/share/nvim/site/pack/packer/start/cmp-cmdline/after/plugin/cmp_cmdline.lua
395.382  000.096  000.096: sourcing /home/ewell/.local/share/nvim/site/pack/packer/start/cmp-nvim-lsp/after/plugin/cmp_nvim_lsp.lua
395.752  000.285  000.285: require('cmp_path')
395.772  000.342  000.056: sourcing /home/ewell/.local/share/nvim/site/pack/packer/start/cmp-path/after/plugin/cmp_path.lua
396.204  000.281  000.281: require('cmp_luasnip')
396.246  000.385  000.104: sourcing /home/ewell/.local/share/nvim/site/pack/packer/start/cmp_luasnip/after/plugin/cmp_luasnip.lua
396.260  000.768: loading after plugins
396.277  000.017: inits 3
398.534  002.256: reading ShaDa
399.278  000.366  000.366: require('packer.load')
399.722  000.165  000.165: sourcing /home/ewell/.local/share/nvim/site/pack/packer/opt/which-key.nvim/plugin/which-key.vim
402.903  000.241  000.241: require('which-key.util')
402.910  000.473  000.232: require('which-key.tree')
403.098  000.186  000.186: require('which-key.config')
403.107  001.145  000.486: require('which-key.keys')
403.111  001.663  000.519: require('which-key')
403.216  003.351  001.688: require('modules.tools.whichkey')
403.677  000.142  000.142: require('modules.ui.winbar')
403.982  000.226  000.226: require('luasnip.loaders.from_snipmate')
404.123  001.339: opening buffers
404.400  000.277: BufEnter autocommands
404.404  000.004: editing files in windows
410.675  000.373  000.373: require('nvim-treesitter.highlight')
412.017  000.653  000.653: require('nvim-treesitter.indent')
413.249  000.847  000.847: require('rainbow.internal')
414.654  000.159  000.159: require('dashboard.preview')
414.661  000.525  000.366: require('dashboard.events')
414.996  000.272  000.272: require('which-key.plugins')
415.204  000.202  000.202: require('which-key.plugins.registers')
415.552  000.342  000.342: require('which-key.mappings')
418.103  000.232  000.232: require('which-key.plugins.spelling')
418.679  000.375  000.375: require('which-key.plugins.marks')
419.690  000.312  000.312: require('which-key.plugins.presets')
419.858  000.163  000.163: require('which-key.plugins.presets.misc')
419.998  000.133  000.133: require('which-key.colors')
440.971  032.138: VimEnter autocommands
440.980  000.009: UIEnter autocommands
440.982  000.002: before starting main loop
442.099  001.117: first screen update
442.102  000.003: --- NVIM STARTED ---
